<?xml version="1.0" encoding="UTF-8"?>
<!-- Generated by org.testng.reporters.JUnitReportReporter -->
<testsuite skipped="0" hostname="DESKTOP-583AQ3Q" name="chrome.Login" tests="1" failures="0" timestamp="2022-03-26T23:34:36 IST" time="31.667" errors="0">
  <testcase name="loginToLeafTaps" time="31.667" classname="chrome.Login"/>
  <system-out/>
</testsuite> <!-- chrome.Login -->
